2026-02-19 03:06:06,422 - __main__ - INFO - 
Target: 3PBL ==================================================
2026-02-19 03:08:26,121 - __main__ - INFO - 
Target: 3PBL ==================================================
2026-02-19 03:09:24,123 - __main__ - INFO - 
Target: 3PBL ==================================================
2026-02-19 03:13:16,553 - __main__ - INFO - 
Target: 1UYD ==================================================
2026-02-19 03:13:31,344 - __main__ - INFO - 
Target: 3PBL ==================================================
2026-02-19 03:13:35,877 - __main__ - INFO - 
Target: 6LU7 ==================================================
2026-02-19 03:14:12,597 - __main__ - INFO - 
Target: 7SMV ==================================================
2026-02-19 03:17:07,925 - __main__ - INFO - 
Target: 1UYD ==================================================
2026-02-19 03:17:58,119 - __main__ - INFO - 
Target: 6LU7 ==================================================
2026-02-19 03:18:45,314 - __main__ - INFO - 
Target: 7SMV ==================================================
